<?xml version="1.0" encoding="UTF-8"?>
<!-- Generated by org.testng.reporters.JUnitReportReporter -->
<testsuite hostname="DESKTOP-P2BVMSV" failures="0" tests="1" name="SaimaNova.AutomationProject_2.WindowTabHandling" time="26.068" errors="0" timestamp="2024-02-09T18:49:48 BDT" skipped="0">
  <testcase classname="SaimaNova.AutomationProject_2.WindowTabHandling" name="tabhandling" time="26.068"/>
</testsuite> <!-- SaimaNova.AutomationProject_2.WindowTabHandling -->
