<?xml version="1.0" encoding="UTF-8"?>
<!-- Generated by org.testng.reporters.JUnitReportReporter -->
<testsuite hostname="DESKTOP-P2BVMSV" failures="0" tests="1" name="SaimaNova.AutomationProject_2.AlertsExample" time="73.110" errors="0" timestamp="2024-01-24T01:53:30 BDT" skipped="0">
  <testcase classname="SaimaNova.AutomationProject_2.AlertsExample" name="alert" time="73.110"/>
</testsuite> <!-- SaimaNova.AutomationProject_2.AlertsExample -->
