<?xml version="1.0" encoding="UTF-8"?>
<!-- Generated by org.testng.reporters.JUnitReportReporter -->
<testsuite hostname="DESKTOP-P2BVMSV" failures="0" tests="1" name="SaimaNova.AutomationProject_2.MouseHover" time="247.369" errors="0" timestamp="2024-01-24T19:13:26 BDT" skipped="0">
  <testcase classname="SaimaNova.AutomationProject_2.MouseHover" name="hover" time="247.369"/>
</testsuite> <!-- SaimaNova.AutomationProject_2.MouseHover -->
