<?xml version="1.0" encoding="UTF-8"?>
<!-- Generated by org.testng.reporters.JUnitReportReporter -->
<testsuite hostname="DESKTOP-P2BVMSV" failures="0" tests="1" name="SaimaNova.AutomationProject_2.AlertsExample" time="35.126" errors="0" timestamp="2024-02-10T12:56:03 BDT" skipped="0">
  <testcase classname="SaimaNova.AutomationProject_2.AlertsExample" name="alert" time="35.126"/>
</testsuite> <!-- SaimaNova.AutomationProject_2.AlertsExample -->
