<?xml version="1.0" encoding="UTF-8"?>
<!-- Generated by org.testng.reporters.JUnitReportReporter -->
<testsuite hostname="DESKTOP-P2BVMSV" failures="0" tests="2" name="SaimaNova.AutomationProject_2.annotation_example" time="0.014" errors="0" timestamp="2024-01-23T15:38:12 BDT" skipped="0">
  <testcase classname="SaimaNova.AutomationProject_2.annotation_example" name="secondtTest" time="0.011"/>
  <testcase classname="SaimaNova.AutomationProject_2.annotation_example" name="firstTest" time="0.003"/>
</testsuite> <!-- SaimaNova.AutomationProject_2.annotation_example -->
