<?xml version="1.0" encoding="UTF-8"?>
<!-- Generated by org.testng.reporters.JUnitReportReporter -->
<testsuite hostname="DESKTOP-P2BVMSV" failures="0" tests="1" name="SaimaNova.AutomationProject_2.MouseHover" time="16.040" errors="0" timestamp="2024-02-10T13:27:39 BDT" skipped="0">
  <testcase classname="SaimaNova.AutomationProject_2.MouseHover" name="hover" time="16.040"/>
</testsuite> <!-- SaimaNova.AutomationProject_2.MouseHover -->
