<?xml version="1.0" encoding="UTF-8"?>
<!-- Generated by org.testng.reporters.JUnitReportReporter -->
<testsuite hostname="DESKTOP-P2BVMSV" failures="0" tests="1" name="SaimaNova.AutomationProject_2.WaitExample" time="6.060" errors="0" timestamp="2024-02-17T11:26:26 BDT" skipped="0">
  <testcase classname="SaimaNova.AutomationProject_2.WaitExample" name="waitexm" time="6.060"/>
</testsuite> <!-- SaimaNova.AutomationProject_2.WaitExample -->
