<?xml version="1.0" encoding="UTF-8"?>
<!-- Generated by org.testng.reporters.JUnitReportReporter -->
<testsuite hostname="DESKTOP-P2BVMSV" failures="0" tests="1" name="SaimaNova.AutomationProject_2.Navigationcommands" time="117.643" errors="0" timestamp="2024-01-23T21:11:03 BDT" skipped="0">
  <testcase classname="SaimaNova.AutomationProject_2.Navigationcommands" name="navigationTest" time="117.643"/>
</testsuite> <!-- SaimaNova.AutomationProject_2.Navigationcommands -->
