<?xml version="1.0" encoding="UTF-8"?>
<!-- Generated by org.testng.reporters.JUnitReportReporter -->
<testsuite hostname="DESKTOP-P2BVMSV" failures="0" tests="1" name="SaimaNova.AutomationProject_2.practice" time="86.726" errors="0" timestamp="2024-01-25T13:06:54 BDT" skipped="0">
  <testcase classname="SaimaNova.AutomationProject_2.practice" name="practice" time="86.726"/>
</testsuite> <!-- SaimaNova.AutomationProject_2.practice -->
