<?xml version="1.0" encoding="UTF-8"?>
<!-- Generated by org.testng.reporters.JUnitReportReporter -->
<testsuite hostname="DESKTOP-P2BVMSV" failures="0" tests="1" name="SaimaNova.AutomationProject_2.copy_paste" time="34.180" errors="0" timestamp="2024-02-10T13:52:45 BDT" skipped="0">
  <testcase classname="SaimaNova.AutomationProject_2.copy_paste" name="cp" time="34.180"/>
</testsuite> <!-- SaimaNova.AutomationProject_2.copy_paste -->
