<?xml version="1.0" encoding="UTF-8"?>
<!-- Generated by org.testng.reporters.JUnitReportReporter -->
<testsuite hostname="DESKTOP-P2BVMSV" failures="0" tests="1" name="SaimaNova.AutomationProject_2.ScrollHandling" time="21.127" errors="0" timestamp="2024-01-25T00:29:06 BDT" skipped="0">
  <testcase classname="SaimaNova.AutomationProject_2.ScrollHandling" name="scroll" time="21.127"/>
</testsuite> <!-- SaimaNova.AutomationProject_2.ScrollHandling -->
