<?xml version="1.0" encoding="UTF-8"?>
<!-- Generated by org.testng.reporters.JUnitReportReporter -->
<testsuite hostname="DESKTOP-P2BVMSV" failures="0" tests="1" name="SaimaNova.AutomationProject_2.practice_2" time="47.461" errors="0" timestamp="2024-02-17T11:55:35 BDT" skipped="0">
  <testcase classname="SaimaNova.AutomationProject_2.practice_2" name="explicitwait" time="47.461"/>
</testsuite> <!-- SaimaNova.AutomationProject_2.practice_2 -->
