<?xml version="1.0" encoding="UTF-8"?>
<!-- Generated by org.testng.reporters.JUnitReportReporter -->
<testsuite hostname="DESKTOP-P2BVMSV" failures="0" tests="2" name="SaimaNova.AutomationProject_2.annotation_example" time="0.013" errors="0" timestamp="2024-01-25T10:47:53 BDT" skipped="0">
  <testcase classname="SaimaNova.AutomationProject_2.annotation_example" name="secondtTest" time="0.009"/>
  <testcase classname="SaimaNova.AutomationProject_2.annotation_example" name="firstTest" time="0.004"/>
</testsuite> <!-- SaimaNova.AutomationProject_2.annotation_example -->
